Information: Propagating switching activity (low effort zero delay simulation). (PWR-6)
Warning: Design has unannotated sequential cell outputs. (PWR-415)
 
****************************************
Report : power
        -analysis_effort low
Design : CPU
Version: N-2017.09-SP3
Date   : Tue Apr 21 02:45:34 2020
****************************************


Library(s) Used:

    NangateOpenCellLibrary (File: /import/lab/users/mehmedag/DeSCAM_Remote/DeSCAM/doc/Howto/PowerEstimation/NangateOpenCellLibrary_PDKv1_3_v2010_12/Front_End/Liberty/NLDM/NangateOpenCellLibrary_typical.db)


Operating Conditions: typical   Library: NangateOpenCellLibrary
Wire Load Model Mode: top

Design        Wire Load Model            Library
------------------------------------------------
CPU                    5K_hvratio_1_1    NangateOpenCellLibrary


Global Operating Voltage = 1.1  
Power-specific unit information :
    Voltage Units = 1V
    Capacitance Units = 1.000000ff
    Time Units = 1ns
    Dynamic Power Units = 1uW    (derived from V,C,T units)
    Leakage Power Units = 1nW


  Cell Internal Power  = 222.1953 uW   (84%)
  Net Switching Power  =  41.2033 uW   (16%)
                         ---------
Total Dynamic Power    = 263.3986 uW  (100%)

Cell Leakage Power     = 236.0574 uW


                 Internal         Switching           Leakage            Total
Power Group      Power            Power               Power              Power   (   %    )  Attrs
--------------------------------------------------------------------------------------------------
io_pad             0.0000            0.0000            0.0000            0.0000  (   0.00%)
memory             0.0000            0.0000            0.0000            0.0000  (   0.00%)
black_box          0.0000            0.0000            0.0000            0.0000  (   0.00%)
clock_network     83.0500            7.0894        3.4853e+03           93.6246  (  18.75%)
register         120.7803            4.7157        1.3196e+05          257.4568  (  51.55%)
sequential         0.0000            0.0000            0.0000            0.0000  (   0.00%)
combinational     18.3651           29.3982        1.0061e+05          148.3747  (  29.71%)
--------------------------------------------------------------------------------------------------
Total            222.1954 uW        41.2033 uW     2.3606e+05 nW       499.4561 uW
1
