Information: Propagating switching activity (low effort zero delay simulation). (PWR-6)
Warning: Design has unannotated sequential cell outputs. (PWR-415)
 
****************************************
Report : power
        -analysis_effort low
Design : CPU
Version: N-2017.09-SP3
Date   : Mon May 11 12:55:33 2020
****************************************


Library(s) Used:

    NangateOpenCellLibrary (File: /import/lab/users/mehmedag/DeSCAM_Remote/DeSCAM/doc/Howto/PowerEstimation/NangateOpenCellLibrary_PDKv1_3_v2010_12/Front_End/Liberty/NLDM/NangateOpenCellLibrary_typical.db)


Operating Conditions: typical   Library: NangateOpenCellLibrary
Wire Load Model Mode: top

Design        Wire Load Model            Library
------------------------------------------------
CPU                    5K_hvratio_1_1    NangateOpenCellLibrary


Global Operating Voltage = 1.1  
Power-specific unit information :
    Voltage Units = 1V
    Capacitance Units = 1.000000ff
    Time Units = 1ns
    Dynamic Power Units = 1uW    (derived from V,C,T units)
    Leakage Power Units = 1nW


  Cell Internal Power  = 220.2061 uW   (90%)
  Net Switching Power  =  23.4041 uW   (10%)
                         ---------
Total Dynamic Power    = 243.6102 uW  (100%)

Cell Leakage Power     = 231.6208 uW


                 Internal         Switching           Leakage            Total
Power Group      Power            Power               Power              Power   (   %    )  Attrs
--------------------------------------------------------------------------------------------------
io_pad             0.0000            0.0000            0.0000            0.0000  (   0.00%)
memory             0.0000            0.0000            0.0000            0.0000  (   0.00%)
black_box          0.0000            0.0000            0.0000            0.0000  (   0.00%)
clock_network     83.0047            9.0341        3.4873e+03           95.5262  (  20.10%)
register         133.2540            2.1203        1.2650e+05          261.8701  (  55.10%)
sequential         0.0000            0.0000            0.0000            0.0000  (   0.00%)
combinational      3.9487           12.2497        1.0164e+05          117.8361  (  24.80%)
--------------------------------------------------------------------------------------------------
Total            220.2075 uW        23.4041 uW     2.3162e+05 nW       475.2324 uW
1
