Information: Propagating switching activity (low effort zero delay simulation). (PWR-6)
Warning: Design has unannotated sequential cell outputs. (PWR-415)
 
****************************************
Report : power
        -analysis_effort low
Design : CPU
Version: N-2017.09-SP3
Date   : Mon May 11 13:16:03 2020
****************************************


Library(s) Used:

    NangateOpenCellLibrary (File: /import/lab/users/mehmedag/DeSCAM_Remote/DeSCAM/doc/Howto/PowerEstimation/NangateOpenCellLibrary_PDKv1_3_v2010_12/Front_End/Liberty/NLDM/NangateOpenCellLibrary_typical.db)


Operating Conditions: typical   Library: NangateOpenCellLibrary
Wire Load Model Mode: top

Design        Wire Load Model            Library
------------------------------------------------
CPU                    5K_hvratio_1_1    NangateOpenCellLibrary


Global Operating Voltage = 1.1  
Power-specific unit information :
    Voltage Units = 1V
    Capacitance Units = 1.000000ff
    Time Units = 1ns
    Dynamic Power Units = 1uW    (derived from V,C,T units)
    Leakage Power Units = 1nW


  Cell Internal Power  = 219.8803 uW   (90%)
  Net Switching Power  =  24.4695 uW   (10%)
                         ---------
Total Dynamic Power    = 244.3499 uW  (100%)

Cell Leakage Power     = 229.3391 uW


                 Internal         Switching           Leakage            Total
Power Group      Power            Power               Power              Power   (   %    )  Attrs
--------------------------------------------------------------------------------------------------
io_pad             0.0000            0.0000            0.0000            0.0000  (   0.00%)
memory             0.0000            0.0000            0.0000            0.0000  (   0.00%)
black_box          0.0000            0.0000            0.0000            0.0000  (   0.00%)
clock_network     82.9629            9.0060        3.4874e+03           95.4562  (  20.15%)
register         133.0102            2.1216        1.2636e+05          261.4934  (  55.20%)
sequential         0.0000            0.0000            0.0000            0.0000  (   0.00%)
combinational      3.9037           13.3419        9.9490e+04          116.7356  (  24.64%)
--------------------------------------------------------------------------------------------------
Total            219.8767 uW        24.4695 uW     2.2934e+05 nW       473.6853 uW
1
