Information: Propagating switching activity (low effort zero delay simulation). (PWR-6)
Warning: Design has unannotated sequential cell outputs. (PWR-415)
 
****************************************
Report : power
        -analysis_effort low
Design : CPU
Version: N-2017.09-SP3
Date   : Thu May 14 12:33:41 2020
****************************************


Library(s) Used:

    NangateOpenCellLibrary (File: /import/lab/users/mehmedag/DeSCAM_Remote/DeSCAM/doc/Howto/PowerEstimation/NangateOpenCellLibrary_PDKv1_3_v2010_12/Front_End/Liberty/NLDM/NangateOpenCellLibrary_typical.db)


Operating Conditions: typical   Library: NangateOpenCellLibrary
Wire Load Model Mode: top

Design        Wire Load Model            Library
------------------------------------------------
CPU                    5K_hvratio_1_1    NangateOpenCellLibrary


Global Operating Voltage = 1.1  
Power-specific unit information :
    Voltage Units = 1V
    Capacitance Units = 1.000000ff
    Time Units = 1ns
    Dynamic Power Units = 1uW    (derived from V,C,T units)
    Leakage Power Units = 1nW


  Cell Internal Power  = 220.1660 uW   (89%)
  Net Switching Power  =  28.4125 uW   (11%)
                         ---------
Total Dynamic Power    = 248.5784 uW  (100%)

Cell Leakage Power     = 230.2410 uW


                 Internal         Switching           Leakage            Total
Power Group      Power            Power               Power              Power   (   %    )  Attrs
--------------------------------------------------------------------------------------------------
io_pad             0.0000            0.0000            0.0000            0.0000  (   0.00%)
memory             0.0000            0.0000            0.0000            0.0000  (   0.00%)
black_box          0.0000            0.0000            0.0000            0.0000  (   0.00%)
clock_network     82.9911            8.7417        3.4873e+03           95.2200  (  19.89%)
register         129.9197            2.7044        1.2736e+05          259.9792  (  54.30%)
sequential         0.0000            0.0000            0.0000            0.0000  (   0.00%)
combinational      7.2557           16.9664        9.9398e+04          123.6205  (  25.82%)
--------------------------------------------------------------------------------------------------
Total            220.1665 uW        28.4125 uW     2.3024e+05 nW       478.8197 uW
1
