Information: Propagating switching activity (low effort zero delay simulation). (PWR-6)
Warning: Design has unannotated sequential cell outputs. (PWR-415)
 
****************************************
Report : power
        -analysis_effort low
Design : CPU
Version: N-2017.09-SP3
Date   : Fri May  8 12:13:11 2020
****************************************


Library(s) Used:

    NangateOpenCellLibrary (File: /import/lab/users/mehmedag/DeSCAM_Remote/DeSCAM/doc/Howto/PowerEstimation/NangateOpenCellLibrary_PDKv1_3_v2010_12/Front_End/Liberty/NLDM/NangateOpenCellLibrary_typical.db)


Operating Conditions: typical   Library: NangateOpenCellLibrary
Wire Load Model Mode: top

Design        Wire Load Model            Library
------------------------------------------------
CPU                    5K_hvratio_1_1    NangateOpenCellLibrary


Global Operating Voltage = 1.1  
Power-specific unit information :
    Voltage Units = 1V
    Capacitance Units = 1.000000ff
    Time Units = 1ns
    Dynamic Power Units = 1uW    (derived from V,C,T units)
    Leakage Power Units = 1nW


  Cell Internal Power  = 495.5044 uW   (92%)
  Net Switching Power  =  43.9784 uW    (8%)
                         ---------
Total Dynamic Power    = 539.4828 uW  (100%)

Cell Leakage Power     = 229.1964 uW


                 Internal         Switching           Leakage            Total
Power Group      Power            Power               Power              Power   (   %    )  Attrs
--------------------------------------------------------------------------------------------------
io_pad             0.0000            0.0000            0.0000            0.0000  (   0.00%)
memory             0.0000            0.0000            0.0000            0.0000  (   0.00%)
black_box          0.0000            0.0000            0.0000            0.0000  (   0.00%)
clock_network     77.6946           27.4680        3.5074e+03          108.6700  (  14.14%)
register         412.2693            2.0391        1.2672e+05          541.0266  (  70.38%)
sequential         0.0000            0.0000            0.0000            0.0000  (   0.00%)
combinational      5.5406           14.4714        9.8971e+04          118.9827  (  15.48%)
--------------------------------------------------------------------------------------------------
Total            495.5044 uW        43.9785 uW     2.2920e+05 nW       768.6793 uW
1
