 
****************************************
Report : reference
Design : CPU
Version: N-2017.09-SP3
Date   : Mon May 11 13:04:19 2020
****************************************

Attributes:
    b - black box (unknown)
   bo - allows boundary optimization
    d - dont_touch
   mo - map_only
    h - hierarchical
    n - noncombinational
    r - removable
    s - synthetic operator
    u - contains unmapped logic

Reference          Library       Unit Area   Count    Total Area   Attributes
-----------------------------------------------------------------------------
AND2_X1            NangateOpenCellLibrary     1.064000     204   217.056002
AND3_X1            NangateOpenCellLibrary     1.330000       3     3.990000
AND4_X1            NangateOpenCellLibrary     1.596000       1     1.596000
AOI21_X1           NangateOpenCellLibrary     1.064000     281   298.984003
AOI22_X1           NangateOpenCellLibrary     1.330000    1260  1675.800054
AOI211_X1          NangateOpenCellLibrary     1.330000     129   171.570006
AOI221_X1          NangateOpenCellLibrary     1.596000      20    31.919999
AOI222_X1          NangateOpenCellLibrary     2.128000      15    31.920000
CLKBUF_X1          NangateOpenCellLibrary     0.798000      98    78.203998
CLKBUF_X2          NangateOpenCellLibrary     1.064000       2     2.128000
DFF_X1             NangateOpenCellLibrary     4.522000    1705  7710.009720 n
FA_X1              NangateOpenCellLibrary     4.256000      61   259.616003 r
HA_X1              NangateOpenCellLibrary     2.660000       1     2.660000 r
INV_X1             NangateOpenCellLibrary     0.532000     337   179.284002
INV_X2             NangateOpenCellLibrary     0.798000       2     1.596000
MUX2_X1            NangateOpenCellLibrary     1.862000      35    65.170000
NAND2_X1           NangateOpenCellLibrary     0.798000     392   312.815991
NAND3_X1           NangateOpenCellLibrary     1.064000     158   168.112002
NAND4_X1           NangateOpenCellLibrary     1.330000     201   267.330009
NOR2_X1            NangateOpenCellLibrary     0.798000     350   279.299992
NOR2_X2            NangateOpenCellLibrary     1.330000       2     2.660000
NOR2_X4            NangateOpenCellLibrary     2.394000       1     2.394000
NOR3_X1            NangateOpenCellLibrary     1.064000      58    61.712001
NOR4_X1            NangateOpenCellLibrary     1.330000      23    30.590001
OAI21_X1           NangateOpenCellLibrary     1.064000     194   206.416002
OAI22_X1           NangateOpenCellLibrary     1.330000     137   182.210006
OAI211_X1          NangateOpenCellLibrary     1.330000     124   164.920005
OAI211_X2          NangateOpenCellLibrary     2.394000       1     2.394000
OAI221_X1          NangateOpenCellLibrary     1.596000      19    30.323999
OR2_X1             NangateOpenCellLibrary     1.064000      10    10.640000
OR4_X1             NangateOpenCellLibrary     1.596000       1     1.596000
SNPS_CLOCK_GATE_HIGH_CPU_0        3.724000       1      3.724000  h, n
SNPS_CLOCK_GATE_HIGH_CPU_1        3.724000       1      3.724000  h, n
SNPS_CLOCK_GATE_HIGH_CPU_2        3.724000       1      3.724000  h, n
SNPS_CLOCK_GATE_HIGH_CPU_3        3.724000       1      3.724000  h, n
SNPS_CLOCK_GATE_HIGH_CPU_4        3.724000       1      3.724000  h, n
SNPS_CLOCK_GATE_HIGH_CPU_5        3.724000       1      3.724000  h, n
SNPS_CLOCK_GATE_HIGH_CPU_6        3.724000       1      3.724000  h, n
SNPS_CLOCK_GATE_HIGH_CPU_7        3.724000       1      3.724000  h, n
SNPS_CLOCK_GATE_HIGH_CPU_8        3.724000       1      3.724000  h, n
SNPS_CLOCK_GATE_HIGH_CPU_9        3.724000       1      3.724000  h, n
SNPS_CLOCK_GATE_HIGH_CPU_10       3.724000       1      3.724000  h, n
SNPS_CLOCK_GATE_HIGH_CPU_11       3.724000       1      3.724000  h, n
SNPS_CLOCK_GATE_HIGH_CPU_12       3.724000       1      3.724000  h, n
SNPS_CLOCK_GATE_HIGH_CPU_13       3.724000       1      3.724000  h, n
SNPS_CLOCK_GATE_HIGH_CPU_14       3.724000       1      3.724000  h, n
SNPS_CLOCK_GATE_HIGH_CPU_15       3.724000       1      3.724000  h, n
SNPS_CLOCK_GATE_HIGH_CPU_16       3.724000       1      3.724000  h, n
SNPS_CLOCK_GATE_HIGH_CPU_17       3.724000       1      3.724000  h, n
SNPS_CLOCK_GATE_HIGH_CPU_18       3.724000       1      3.724000  h, n
SNPS_CLOCK_GATE_HIGH_CPU_19       3.724000       1      3.724000  h, n
SNPS_CLOCK_GATE_HIGH_CPU_20       3.724000       1      3.724000  h, n
SNPS_CLOCK_GATE_HIGH_CPU_21       3.724000       1      3.724000  h, n
SNPS_CLOCK_GATE_HIGH_CPU_22       3.724000       1      3.724000  h, n
SNPS_CLOCK_GATE_HIGH_CPU_23       3.724000       1      3.724000  h, n
SNPS_CLOCK_GATE_HIGH_CPU_24       3.724000       1      3.724000  h, n
SNPS_CLOCK_GATE_HIGH_CPU_25       3.724000       1      3.724000  h, n
SNPS_CLOCK_GATE_HIGH_CPU_26       3.724000       1      3.724000  h, n
SNPS_CLOCK_GATE_HIGH_CPU_27       3.724000       1      3.724000  h, n
SNPS_CLOCK_GATE_HIGH_CPU_28       3.724000       1      3.724000  h, n
SNPS_CLOCK_GATE_HIGH_CPU_29       3.724000       1      3.724000  h, n
SNPS_CLOCK_GATE_HIGH_CPU_30       3.724000       1      3.724000  h, n
SNPS_CLOCK_GATE_HIGH_CPU_31       3.724000       1      3.724000  h, n
SNPS_CLOCK_GATE_HIGH_CPU_32       3.724000       1      3.724000  h, n
SNPS_CLOCK_GATE_HIGH_CPU_33       3.724000       1      3.724000  h, n
SNPS_CLOCK_GATE_HIGH_CPU_34       3.724000       1      3.724000  h, n
SNPS_CLOCK_GATE_HIGH_CPU_36       3.724000       1      3.724000  h, n
SNPS_CLOCK_GATE_HIGH_CPU_37       3.724000       1      3.724000  h, n
SNPS_CLOCK_GATE_HIGH_CPU_38       3.724000       1      3.724000  h, n
SNPS_CLOCK_GATE_HIGH_CPU_39       3.724000       1      3.724000  h, n
SNPS_CLOCK_GATE_HIGH_CPU_40       3.724000       1      3.724000  h, n
SNPS_CLOCK_GATE_HIGH_CPU_41       3.724000       1      3.724000  h, n
SNPS_CLOCK_GATE_HIGH_CPU_42       3.724000       1      3.724000  h, n
SNPS_CLOCK_GATE_HIGH_CPU_43       3.724000       1      3.724000  h, n
SNPS_CLOCK_GATE_HIGH_CPU_44       3.724000       1      3.724000  h, n
SNPS_CLOCK_GATE_HIGH_CPU_45       3.724000       1      3.724000  h, n
SNPS_CLOCK_GATE_HIGH_CPU_46       3.724000       1      3.724000  h, n
SNPS_CLOCK_GATE_HIGH_CPU_47       3.724000       1      3.724000  h, n
SNPS_CLOCK_GATE_HIGH_CPU_48       3.724000       1      3.724000  h, n
SNPS_CLOCK_GATE_HIGH_CPU_49       3.724000       1      3.724000  h, n
SNPS_CLOCK_GATE_HIGH_CPU_50       3.724000       1      3.724000  h, n
SNPS_CLOCK_GATE_HIGH_CPU_51       3.724000       1      3.724000  h, n
SNPS_CLOCK_GATE_HIGH_CPU_52       3.724000       1      3.724000  h, n
SNPS_CLOCK_GATE_HIGH_CPU_53       3.724000       1      3.724000  h, n
SNPS_CLOCK_GATE_HIGH_CPU_54       3.724000       1      3.724000  h, n
XNOR2_X1           NangateOpenCellLibrary     1.596000       1     1.596000
XOR2_X1            NangateOpenCellLibrary     1.596000      37    59.051998
-----------------------------------------------------------------------------
Total 87 references                                 12716.661798
1
