Information: Propagating switching activity (low effort zero delay simulation). (PWR-6)
Warning: Design has unannotated sequential cell outputs. (PWR-415)
 
****************************************
Report : power
        -analysis_effort low
Design : CPU
Version: N-2017.09-SP3
Date   : Fri May  8 12:04:16 2020
****************************************


Library(s) Used:

    NangateOpenCellLibrary (File: /import/lab/users/mehmedag/DeSCAM_Remote/DeSCAM/doc/Howto/PowerEstimation/NangateOpenCellLibrary_PDKv1_3_v2010_12/Front_End/Liberty/NLDM/NangateOpenCellLibrary_typical.db)


Operating Conditions: typical   Library: NangateOpenCellLibrary
Wire Load Model Mode: top

Design        Wire Load Model            Library
------------------------------------------------
CPU                    5K_hvratio_1_1    NangateOpenCellLibrary


Global Operating Voltage = 1.1  
Power-specific unit information :
    Voltage Units = 1V
    Capacitance Units = 1.000000ff
    Time Units = 1ns
    Dynamic Power Units = 1uW    (derived from V,C,T units)
    Leakage Power Units = 1nW


  Cell Internal Power  = 438.9610 uW   (92%)
  Net Switching Power  =  39.8892 uW    (8%)
                         ---------
Total Dynamic Power    = 478.8501 uW  (100%)

Cell Leakage Power     = 230.7745 uW


                 Internal         Switching           Leakage            Total
Power Group      Power            Power               Power              Power   (   %    )  Attrs
--------------------------------------------------------------------------------------------------
io_pad             0.0000            0.0000            0.0000            0.0000  (   0.00%)
memory             0.0000            0.0000            0.0000            0.0000  (   0.00%)
black_box          0.0000            0.0000            0.0000            0.0000  (   0.00%)
clock_network     78.3409           23.6778        3.5036e+03          105.5224  (  14.87%)
register         355.6966            2.0049        1.2665e+05          484.3475  (  68.25%)
sequential         0.0000            0.0000            0.0000            0.0000  (   0.00%)
combinational      4.9232           14.2065        1.0062e+05          119.7545  (  16.88%)
--------------------------------------------------------------------------------------------------
Total            438.9608 uW        39.8892 uW     2.3077e+05 nW       709.6243 uW
1
