Information: Propagating switching activity (low effort zero delay simulation). (PWR-6)
Warning: Design has unannotated sequential cell outputs. (PWR-415)
 
****************************************
Report : power
        -analysis_effort low
Design : CPU
Version: N-2017.09-SP3
Date   : Fri May 15 00:15:45 2020
****************************************


Library(s) Used:

    NangateOpenCellLibrary (File: /import/lab/users/mehmedag/DeSCAM_Remote/DeSCAM/doc/Howto/PowerEstimation/NangateOpenCellLibrary_PDKv1_3_v2010_12/Front_End/Liberty/NLDM/NangateOpenCellLibrary_typical.db)


Operating Conditions: typical   Library: NangateOpenCellLibrary
Wire Load Model Mode: top

Design        Wire Load Model            Library
------------------------------------------------
CPU                    5K_hvratio_1_1    NangateOpenCellLibrary


Global Operating Voltage = 1.1  
Power-specific unit information :
    Voltage Units = 1V
    Capacitance Units = 1.000000ff
    Time Units = 1ns
    Dynamic Power Units = 1uW    (derived from V,C,T units)
    Leakage Power Units = 1nW


  Cell Internal Power  = 252.3904 uW   (86%)
  Net Switching Power  =  40.2196 uW   (14%)
                         ---------
Total Dynamic Power    = 292.6100 uW  (100%)

Cell Leakage Power     = 233.4046 uW


                 Internal         Switching           Leakage            Total
Power Group      Power            Power               Power              Power   (   %    )  Attrs
--------------------------------------------------------------------------------------------------
io_pad             0.0000            0.0000            0.0000            0.0000  (   0.00%)
memory             0.0000            0.0000            0.0000            0.0000  (   0.00%)
black_box          0.0000            0.0000            0.0000            0.0000  (   0.00%)
clock_network     82.9747            8.6194        3.4873e+03           95.0814  (  18.08%)
register         154.3546            4.9663        1.3063e+05          289.9514  (  55.12%)
sequential         0.0000            0.0000            0.0000            0.0000  (   0.00%)
combinational     15.0617           26.6338        9.9287e+04          140.9821  (  26.80%)
--------------------------------------------------------------------------------------------------
Total            252.3909 uW        40.2195 uW     2.3340e+05 nW       526.0149 uW
1
